05:28:42 [content] Syncing content
05:28:43 [content] Synced content
05:28:43 [types] Generated 462ms
05:28:43 [build] output: "static"
05:28:43 [build] mode: "static"
05:28:43 [build] directory: /root/astro-blog/dist/
05:28:43 [build] Collecting build info...
05:28:43 [build] ✓ Completed in 505ms.
05:28:43 [build] Building static entrypoints...
05:28:47 [vite] ✓ built in 4.88s
05:28:47 [build] ✓ Completed in 4.94s.

 building client (vite) 
05:28:48 [vite] transforming...
05:28:55 [vite] ✓ 1862 modules transformed.
05:28:56 [vite] rendering chunks...
05:28:56 [vite] computing gzip size...
05:28:56 [vite] dist/_astro/clone.B17rVs-S.js                                                0.10 kB │ gzip:   0.11 kB
05:28:56 [vite] dist/_astro/channel.C1FY-k9p.js                                              0.15 kB │ gzip:   0.15 kB
05:28:56 [vite] dist/_astro/init.Gi6I4Gst.js                                                 0.15 kB │ gzip:   0.13 kB
05:28:56 [vite] dist/_astro/chunk-QZHKN3VN.QLS-EfXe.js                                       0.23 kB │ gzip:   0.18 kB
05:28:56 [vite] dist/_astro/chunk-4BX2VUAB.Bz4dBKZV.js                                       0.26 kB │ gzip:   0.19 kB
05:28:56 [vite] dist/_astro/chunk-55IACEB6.AGAXadGt.js                                       0.27 kB │ gzip:   0.23 kB
05:28:56 [vite] dist/_astro/chunk-FMBD7UC4.BCUaOzho.js                                       0.40 kB │ gzip:   0.29 kB
05:28:56 [vite] dist/_astro/stateDiagram-v2-4FDKWEC3.Dw8yhF9o.js                             0.43 kB │ gzip:   0.31 kB
05:28:56 [vite] dist/_astro/classDiagram-2ON5EDUG.i9ScQ8Y_.js                                0.47 kB │ gzip:   0.33 kB
05:28:56 [vite] dist/_astro/classDiagram-v2-WZHVMYZB.i9ScQ8Y_.js                             0.47 kB │ gzip:   0.33 kB
05:28:56 [vite] dist/_astro/chunk-QN33PNHL.DRu3icAg.js                                       0.54 kB │ gzip:   0.38 kB
05:28:56 [vite] dist/_astro/infoDiagram-HS3SLOUP.C92nfDEN.js                                 0.73 kB │ gzip:   0.48 kB
05:28:56 [vite] dist/_astro/preload-helper.BlTxHScW.js                                       1.11 kB │ gzip:   0.65 kB
05:28:56 [vite] dist/_astro/ordinal.BYWQX77i.js                                              1.19 kB │ gzip:   0.57 kB
05:28:56 [vite] dist/_astro/search.astro_astro_type_script_index_0_lang.BODUo-wo.js          1.24 kB │ gzip:   0.62 kB
05:28:56 [vite] dist/_astro/chunk-TZMSLE5B.CkWUh_pb.js                                       1.47 kB │ gzip:   0.66 kB
05:28:56 [vite] dist/_astro/_basePickBy.BsMWfogB.js                                          2.62 kB │ gzip:   1.31 kB
05:28:56 [vite] dist/_astro/arc.DC7UuABZ.js                                                  3.47 kB │ gzip:   1.51 kB
05:28:56 [vite] dist/_astro/diagram-S2PKOQOG.DiM13zcx.js                                     4.35 kB │ gzip:   1.91 kB
05:28:56 [vite] dist/_astro/defaultLocale.DX6XiGOO.js                                        4.69 kB │ gzip:   2.18 kB
05:28:56 [vite] dist/_astro/pieDiagram-ADFJNKIX.BekXEFcz.js                                  5.29 kB │ gzip:   2.35 kB
05:28:56 [vite] dist/_astro/linear.D-f47tb7.js                                               5.69 kB │ gzip:   2.33 kB
05:28:56 [vite] dist/_astro/diagram-QEK2KX5R.5xLNNRpg.js                                     5.95 kB │ gzip:   2.53 kB
05:28:56 [vite] dist/_astro/graph.C-BI88uD.js                                                5.95 kB │ gzip:   1.89 kB
05:28:56 [vite] dist/_astro/stateDiagram-FKZM4ZOC.gMdBdOAZ.js                               10.43 kB │ gzip:   3.66 kB
05:28:56 [vite] dist/_astro/dagre-6UL2VRFP.jT14dsVY.js                                      11.05 kB │ gzip:   4.14 kB
05:28:56 [vite] dist/_astro/_baseUniq.C-j_cMjz.js                                           11.92 kB │ gzip:   4.67 kB
05:28:56 [vite] dist/_astro/ClientRouter.astro_astro_type_script_index_0_lang.CDGfc0hd.js   15.36 kB │ gzip:   5.28 kB
05:28:56 [vite] dist/_astro/diagram-PSM6KHXK.CnXq0rGM.js                                    15.91 kB │ gzip:   5.70 kB
05:28:56 [vite] dist/_astro/kanban-definition-3W4ZIXB7.CX1OguPX.js                          20.24 kB │ gzip:   7.20 kB
05:28:56 [vite] dist/_astro/mindmap-definition-VGOIOE7T.DNCHZcOg.js                         20.95 kB │ gzip:   7.32 kB
05:28:56 [vite] dist/_astro/sankeyDiagram-TZEHDZUN.C3Q52SEa.js                              22.16 kB │ gzip:   8.15 kB
05:28:56 [vite] dist/_astro/journeyDiagram-XKPGCS4Q.DE__8cFu.js                             23.58 kB │ gzip:   8.35 kB
05:28:56 [vite] dist/_astro/timeline-definition-IT6M3QCI.C8i41lYg.js                        23.63 kB │ gzip:   8.25 kB
05:28:56 [vite] dist/_astro/gitGraphDiagram-V2S2FVAM.CYBhuG5U.js                            24.18 kB │ gzip:   7.47 kB
05:28:56 [vite] dist/_astro/erDiagram-Q2GNP2WA.B5MhFPs4.js                                  25.28 kB │ gzip:   8.86 kB
05:28:56 [vite] dist/_astro/layout.04pk8_uE.js                                              27.42 kB │ gzip:   9.75 kB
05:28:56 [vite] dist/_astro/requirementDiagram-UZGBJVZJ.aAs41pSJ.js                         30.12 kB │ gzip:   9.45 kB
05:28:56 [vite] dist/_astro/quadrantDiagram-AYHSOK5B._lI2kMlO.js                            33.88 kB │ gzip:   9.97 kB
05:28:56 [vite] dist/_astro/chunk-DI55MBZ5.Bfz_iMrE.js                                      36.38 kB │ gzip:  11.85 kB
05:28:56 [vite] dist/_astro/xychartDiagram-PRI3JC2R.Cn4yC3oi.js                             40.22 kB │ gzip:  11.38 kB
05:28:56 [vite] dist/_astro/chunk-B4BG7PRW.BHPv7Wnc.js                                      45.34 kB │ gzip:  14.70 kB
05:28:56 [vite] dist/_astro/flowDiagram-NV44I4VS.BzZHbr4y.js                                60.49 kB │ gzip:  19.44 kB
05:28:56 [vite] dist/_astro/ganttDiagram-JELNMOA3.BPxjdzWh.js                               68.35 kB │ gzip:  23.17 kB
05:28:56 [vite] dist/_astro/c4Diagram-YG6GDRKO.4odrkfw8.js                                  70.17 kB │ gzip:  19.70 kB
05:28:56 [vite] dist/_astro/blockDiagram-VD42YOAC.y1EKV6qx.js                               71.85 kB │ gzip:  20.52 kB
05:28:56 [vite] dist/_astro/ui-core.5vfW5kUq.js                                             72.90 kB │ gzip:  22.85 kB
05:28:56 [vite] dist/_astro/cose-bilkent-S5V4N54A.BfZuJ7ze.js                               81.74 kB │ gzip:  22.51 kB
05:28:56 [vite] dist/_astro/sequenceDiagram-WL72ISMW.DbuaqqJc.js                            97.84 kB │ gzip:  26.88 kB
05:28:56 [vite] dist/_astro/architectureDiagram-VXUJARFQ.e0x3JKVw.js                       148.67 kB │ gzip:  42.08 kB
05:28:56 [vite] dist/_astro/katex.Cbg2ZdjV.js                                              258.50 kB │ gzip:  76.88 kB
05:28:56 [vite] dist/_astro/cytoscape.esm.DtBltrT8.js                                      442.41 kB │ gzip: 141.91 kB
05:28:56 [vite] dist/_astro/treemap-GDKQZRPO.8Xq6djsj.js                                   452.66 kB │ gzip: 107.06 kB
05:28:56 [vite] dist/_astro/Mermaid.astro_astro_type_script_index_0_lang.DSEGC6SM.js       494.19 kB │ gzip: 139.11 kB
05:28:56 [vite] ✓ built in 8.32s

 generating static routes 
05:28:56 ▶ src/pages/404.astro
05:28:56   └─ /404.html (+22ms) 
05:28:56 ▶ src/pages/about.md
05:28:56   └─ /about/index.html (+16ms) 
05:28:56 ▶ src/pages/archives/index.astro
05:28:56   └─ /archives/index.html (+36ms) 
05:29:06 λ src/pages/og.png.ts
05:29:06   └─ /og.pngUnsupported OpenType signature wOF2
  Stack trace:
    at Object.parseBuffer [as parse] (/root/astro-blog/node_modules/.pnpm/@shuding+opentype.js@1.4.0-beta.0/node_modules/@shuding/opentype.js/dist/opentype.js:11450:18)
    at new jt (file:///root/astro-blog/node_modules/.pnpm/satori@0.18.4/node_modules/satori/dist/index.js:7:44155)
    at async generateOgImageForSite (file:///root/astro-blog/dist/chunks/generateOgImages_4ZPfSYXj.mjs:394:15)
    at async renderEndpoint (file:///root/astro-blog/node_modules/.pnpm/astro@5.18.0_jiti@2.6.1_lightningcss@1.31.1_rollup@4.59.0_stylus@0.64.0_typescript@5.9.3_yaml@2.8.2/node_modules/astro/dist/runtime/server/endpoint.js:37:18)
    at async NOOP_MIDDLEWARE_FN (file:///root/astro-blog/node_modules/.pnpm/astro@5.18.0_jiti@2.6.1_lightningcss@1.31.1_rollup@4.59.0_stylus@0.64.0_typescript@5.9.3_yaml@2.8.2/node_modules/astro/dist/core/middleware/noop-middleware.js:3:20)
